Using pre-set license
Built from '2022.3/staging' branch; Version is '2022.3.2f1 (d74737c6db50) revision 14108471'; Using compiler version '192829333'; Build Type 'Release'
OS: 'Windows 11  (10.0.22621) 64bit CoreSingleLanguage' Language: 'ru' Physical Memory: 16330 MB
BatchMode: 1, IsHumanControllingUs: 0, StartBugReporterOnCrash: 0, Is64bit: 1, IsPro: 1

COMMAND LINE ARGUMENTS:
F:\Unity\2022.3.2f1\Editor\Unity.exe
-adb2
-batchMode
-noUpm
-name
AssetImportWorker5
-projectPath
F:/Game_maze/GameMaze
-logFile
Logs/AssetImportWorker5.log
-srvPort
57902
Successfully changed project path to: F:/Game_maze/GameMaze
F:/Game_maze/GameMaze
[UnityMemory] Configuration Parameters - Can be set up in boot.config
    "memorysetup-bucket-allocator-granularity=16"
    "memorysetup-bucket-allocator-bucket-count=8"
    "memorysetup-bucket-allocator-block-size=33554432"
    "memorysetup-bucket-allocator-block-count=8"
    "memorysetup-main-allocator-block-size=16777216"
    "memorysetup-thread-allocator-block-size=16777216"
    "memorysetup-gfx-main-allocator-block-size=16777216"
    "memorysetup-gfx-thread-allocator-block-size=16777216"
    "memorysetup-cache-allocator-block-size=4194304"
    "memorysetup-typetree-allocator-block-size=2097152"
    "memorysetup-profiler-bucket-allocator-granularity=16"
    "memorysetup-profiler-bucket-allocator-bucket-count=8"
    "memorysetup-profiler-bucket-allocator-block-size=33554432"
    "memorysetup-profiler-bucket-allocator-block-count=8"
    "memorysetup-profiler-allocator-block-size=16777216"
    "memorysetup-profiler-editor-allocator-block-size=1048576"
    "memorysetup-temp-allocator-size-main=16777216"
    "memorysetup-job-temp-allocator-block-size=2097152"
    "memorysetup-job-temp-allocator-block-size-background=1048576"
    "memorysetup-job-temp-allocator-reduction-small-platforms=262144"
    "memorysetup-allocator-temp-initial-block-size-main=262144"
    "memorysetup-allocator-temp-initial-block-size-worker=262144"
    "memorysetup-temp-allocator-size-background-worker=32768"
    "memorysetup-temp-allocator-size-job-worker=262144"
    "memorysetup-temp-allocator-size-preload-manager=33554432"
    "memorysetup-temp-allocator-size-nav-mesh-worker=65536"
    "memorysetup-temp-allocator-size-audio-worker=65536"
    "memorysetup-temp-allocator-size-cloud-worker=32768"
    "memorysetup-temp-allocator-size-gi-baking-worker=262144"
    "memorysetup-temp-allocator-size-gfx=262144"
Player connection [5084] Host "[IP] 192.168.0.106 [Port] 0 [Flags] 2 [Guid] 1361178766 [EditorId] 1361178766 [Version] 1048832 [Id] WindowsEditor(7,DESKTOP-MP7AG44) [Debug] 1 [PackageName] WindowsEditor [ProjectName] Editor" joined multi-casting on [225.0.0.222:54997]...

Player connection [5084] Host "[IP] 192.168.0.106 [Port] 0 [Flags] 2 [Guid] 1361178766 [EditorId] 1361178766 [Version] 1048832 [Id] WindowsEditor(7,DESKTOP-MP7AG44) [Debug] 1 [PackageName] WindowsEditor [ProjectName] Editor" joined alternative multi-casting on [225.0.0.222:34997]...

Refreshing native plugins compatible for Editor in 105.64 ms, found 4 plugins.
Preloading 0 native plugins for Editor in 0.00 ms.
Initialize engine version: 2022.3.2f1 (d74737c6db50)
[Subsystems] Discovering subsystems at path F:/Unity/2022.3.2f1/Editor/Data/Resources/UnitySubsystems
[Subsystems] Discovering subsystems at path F:/Game_maze/GameMaze/Assets
GfxDevice: creating device client; threaded=0; jobified=0
Direct3D:
    Version:  Direct3D 11.0 [level 11.1]
    Renderer: NVIDIA GeForce GTX 1050 Ti (ID=0x1c82)
    Vendor:   NVIDIA
    VRAM:     4017 MB
    Driver:   31.0.15.2849
Initialize mono
Mono path[0] = 'F:/Unity/2022.3.2f1/Editor/Data/Managed'
Mono path[1] = 'F:/Unity/2022.3.2f1/Editor/Data/MonoBleedingEdge/lib/mono/unityjit-win32'
Mono config path = 'F:/Unity/2022.3.2f1/Editor/Data/MonoBleedingEdge/etc'
Using monoOptions --debugger-agent=transport=dt_socket,embedding=1,server=y,suspend=n,address=127.0.0.1:56552
Begin MonoManager ReloadAssembly
Registering precompiled unity dll's ...
Register platform support module: F:/Unity/2022.3.2f1/Editor/Data/PlaybackEngines/AndroidPlayer/UnityEditor.Android.Extensions.dll
Register platform support module: F:/Unity/2022.3.2f1/Editor/Data/PlaybackEngines/WindowsStandaloneSupport/UnityEditor.WindowsStandalone.Extensions.dll
Registered in 0.019363 seconds.
- Loaded All Assemblies, in  1.213 seconds
Native extension for WindowsStandalone target not found
Native extension for Android target not found
Android Extension - Scanning For ADB Devices 1128 ms
Mono: successfully reloaded assembly
- Finished resetting the current domain, in  2.049 seconds
Domain Reload Profiling: 3263ms
	BeginReloadAssembly (468ms)
		ExecutionOrderSort (0ms)
		DisableScriptedObjects (0ms)
		BackupInstance (0ms)
		ReleaseScriptingObjects (0ms)
		CreateAndSetChildDomain (2ms)
	RebuildCommonClasses (134ms)
	RebuildNativeTypeToScriptingClass (86ms)
	initialDomainReloadingComplete (173ms)
	LoadAllAssembliesAndSetupDomain (351ms)
		LoadAssemblies (467ms)
		RebuildTransferFunctionScriptingTraits (0ms)
		AnalyzeDomain (346ms)
			TypeCache.Refresh (344ms)
				TypeCache.ScanAssembly (317ms)
			ScanForSourceGeneratedMonoScriptInfo (1ms)
			ResolveRequiredComponents (1ms)
	FinalizeReload (2051ms)
		ReleaseScriptCaches (0ms)
		RebuildScriptCaches (0ms)
		SetupLoadedEditorAssemblies (1847ms)
			LogAssemblyErrors (0ms)
			InitializePlatformSupportModulesInManaged (1403ms)
			SetLoadedEditorAssemblies (13ms)
			RefreshPlugins (0ms)
			BeforeProcessingInitializeOnLoad (4ms)
			ProcessInitializeOnLoadAttributes (241ms)
			ProcessInitializeOnLoadMethodAttributes (185ms)
			AfterProcessingInitializeOnLoad (0ms)
			EditorAssembliesLoaded (0ms)
		ExecutionOrderSort2 (0ms)
		AwakeInstancesAfterBackupRestoration (0ms)
========================================================================
Worker process is ready to serve import requests
Begin MonoManager ReloadAssembly
Symbol file LoadedFromMemory doesn't match image F:\Game_maze\GameMaze\Library\PackageCache\com.unity.visualscripting@1.8.0\Editor\VisualScripting.Core\Dependencies\YamlDotNet\Unity.VisualScripting.YamlDotNet.dll
Symbol file LoadedFromMemory doesn't match image F:\Game_maze\GameMaze\Library\PackageCache\com.unity.visualscripting@1.8.0\Editor\VisualScripting.Core\Dependencies\DotNetZip\Unity.VisualScripting.IonicZip.dll
Symbol file LoadedFromMemory is not a mono symbol file
- Loaded All Assemblies, in  3.232 seconds
Refreshing native plugins compatible for Editor in 13.83 ms, found 4 plugins.
Native extension for WindowsStandalone target not found
Native extension for Android target not found
Mono: successfully reloaded assembly
Package Manager log level set to [2]
[Package Manager] Server::EnsureServerProcessIsRunning -- launch failed, reason: Unity was launched with the -noUpm command-line argument
[Package Manager] UpmClient::Send -- Unable to send message (not connected to UPM process).
[Package Manager] Cannot connect to Unity Package Manager local server
[Package Manager] Server::EnsureServerProcessIsRunning -- launch failed, reason: Unity was launched with the -noUpm command-line argument
[Package Manager] UpmClient::Send -- Unable to send message (not connected to UPM process).
[Package Manager] Cannot connect to Unity Package Manager local server
- Finished resetting the current domain, in  2.332 seconds
Domain Reload Profiling: 5566ms
	BeginReloadAssembly (400ms)
		ExecutionOrderSort (0ms)
		DisableScriptedObjects (11ms)
		BackupInstance (0ms)
		ReleaseScriptingObjects (0ms)
		CreateAndSetChildDomain (45ms)
	RebuildCommonClasses (116ms)
	RebuildNativeTypeToScriptingClass (23ms)
	initialDomainReloadingComplete (188ms)
	LoadAllAssembliesAndSetupDomain (2503ms)
		LoadAssemblies (1312ms)
		RebuildTransferFunctionScriptingTraits (0ms)
		AnalyzeDomain (1450ms)
			TypeCache.Refresh (1323ms)
				TypeCache.ScanAssembly (1277ms)
			ScanForSourceGeneratedMonoScriptInfo (102ms)
			ResolveRequiredComponents (26ms)
	FinalizeReload (2337ms)
		ReleaseScriptCaches (0ms)
		RebuildScriptCaches (0ms)
		SetupLoadedEditorAssemblies (1562ms)
			LogAssemblyErrors (0ms)
			InitializePlatformSupportModulesInManaged (40ms)
			SetLoadedEditorAssemblies (9ms)
			RefreshPlugins (0ms)
			BeforeProcessingInitializeOnLoad (195ms)
			ProcessInitializeOnLoadAttributes (1070ms)
			ProcessInitializeOnLoadMethodAttributes (242ms)
			AfterProcessingInitializeOnLoad (5ms)
			EditorAssembliesLoaded (0ms)
		ExecutionOrderSort2 (0ms)
		AwakeInstancesAfterBackupRestoration (14ms)
Switching render pipeline 00000000000000000000000000000000 -> 90800e81745ed6b41af16fd4e696488d
Launched and connected shader compiler UnityShaderCompiler.exe after 0.16 seconds
Refreshing native plugins compatible for Editor in 9.69 ms, found 4 plugins.
Preloading 0 native plugins for Editor in 0.00 ms.
Unloading 6977 Unused Serialized files (Serialized files now loaded: 0)
Unloading 111 unused Assets / (0.8 MB). Loaded Objects now: 7427.
Memory consumption went from 249.5 MB to 248.7 MB.
Total: 14.948300 ms (FindLiveObjects: 1.116900 ms CreateObjectMapping: 1.272200 ms MarkObjects: 11.823700 ms  DeleteObjects: 0.733800 ms)

AssetImportParameters requested are different than current active one (requested -> active):
  custom:container-demuxer-ogg: 62fdf1f143b41e24485cea50d1cbac27 -> 
  custom:framework-win-MediaFoundation: 216162199b28c13a410421893ffa2e32 -> 
  custom:container-muxer-webm: aa71ff27fc2769a1b78a27578f13a17b -> 
  custom:video-decoder-webm-vp8: 9c59270c3fd7afecdb556c50c9e8de78 -> 
  custom:AudioImporter_EditorPlatform: d09bf68614088b80899f8185d706f6e7 -> 
  custom:audio-decoder-ogg-vorbis: bf7c407c2cedff20999df2af8eb42d56 -> 
  custom:audio-encoder-webm-vorbis: bf7c407c2cedff20999df2af8eb42d56 -> 
  custom:video-codec-MediaFoundation-h265: 746d11721c4dcdbdad8f713fa42b33f4 -> 
  custom:video-decoder-ogg-theora: a1e56fd34408186e4bbccfd4996cb3dc -> 
  custom:container-demuxer-webm: 4f35f7cbe854078d1ac9338744f61a02 -> 
  custom:video-encoder-webm-vp8: eb34c28f22e8b96e1ab97ce403110664 -> 
========================================================================
Received Import Request.
  Time since last request: 423721.932336 seconds.
  path: Assets/TileMaps/Palette/Maps_12.asset
  artifactKey: Guid(81eca77eb83d8f34eb332f0f8ba11777) Importer(2089858483,0ecaa5967403d082aa24f35e1b516d23)
Start importing Assets/TileMaps/Palette/Maps_12.asset using Guid(81eca77eb83d8f34eb332f0f8ba11777) Importer(2089858483,0ecaa5967403d082aa24f35e1b516d23) Generated GUIDs only implemented for interfaces!
 -> (artifact id: 'bc8523e7d69c0ae7080c36beee114dd8') in 0.832105 seconds
Number of updated asset objects reloaded before import = 0
Number of asset objects unloaded after import = 3
========================================================================
Received Import Request.
  Time since last request: 0.516998 seconds.
  path: Assets/UniversalRenderPipelineGlobalSettings.asset
  artifactKey: Guid(0c0443fa1b6ad5549a32c1eefa5d40a3) Importer(2089858483,0ecaa5967403d082aa24f35e1b516d23)
Start importing Assets/UniversalRenderPipelineGlobalSettings.asset using Guid(0c0443fa1b6ad5549a32c1eefa5d40a3) Importer(2089858483,0ecaa5967403d082aa24f35e1b516d23) Generated GUIDs only implemented for interfaces!
 -> (artifact id: '672e9aa623f6dfd4c5318c52f0d93a7c') in 0.272346 seconds
Number of updated asset objects reloaded before import = 0
Number of asset objects unloaded after import = 1
========================================================================
Received Import Request.
  Time since last request: 0.299523 seconds.
  path: Assets/AddressableAssetsData/AssetGroups/Built In Data.asset
  artifactKey: Guid(7e3cb7518dafb61459827bdd64d2a5db) Importer(2089858483,0ecaa5967403d082aa24f35e1b516d23)
Start importing Assets/AddressableAssetsData/AssetGroups/Built In Data.asset using Guid(7e3cb7518dafb61459827bdd64d2a5db) Importer(2089858483,0ecaa5967403d082aa24f35e1b516d23) Generated GUIDs only implemented for interfaces!
 -> (artifact id: 'c0da3ae79b503e59fb537ab912bb7fa9') in 0.122128 seconds
Number of updated asset objects reloaded before import = 0
Number of asset objects unloaded after import = 1
========================================================================
Received Import Request.
  Time since last request: 0.046336 seconds.
  path: Assets/TileMaps/Maps.asset
  artifactKey: Guid(1650d6afae8760e4bac0028d19ef3e66) Importer(2089858483,3d70f49cd1c2eb9ae422958d1c652c6b)
Start importing Assets/TileMaps/Maps.asset using Guid(1650d6afae8760e4bac0028d19ef3e66) Importer(2089858483,3d70f49cd1c2eb9ae422958d1c652c6b) Generated GUIDs only implemented for interfaces!
 -> (artifact id: '537988592fc2d1c65bbc1247ac44974e') in 0.025326 seconds
Number of updated asset objects reloaded before import = 0
Number of asset objects unloaded after import = 1
========================================================================
Received Import Request.
  Time since last request: 0.003160 seconds.
  path: Assets/AddressableAssetsData/AssetGroupTemplates
  artifactKey: Guid(b1149f1192b508d4da5e09f9f82b613a) Importer(2089858483,0ecaa5967403d082aa24f35e1b516d23)
Start importing Assets/AddressableAssetsData/AssetGroupTemplates using Guid(b1149f1192b508d4da5e09f9f82b613a) Importer(2089858483,0ecaa5967403d082aa24f35e1b516d23) Generated GUIDs only implemented for interfaces!
 -> (artifact id: '24902a418811199b91bab33e1ebc05fe') in 0.046520 seconds
Number of updated asset objects reloaded before import = 0
Number of asset objects unloaded after import = 1
========================================================================
Received Import Request.
  Time since last request: 0.026051 seconds.
  path: Assets/AddressableAssetsData/AddressableAssetSettings.asset
  artifactKey: Guid(56d6bbf575bbfae4dbdf631cb6f97ad6) Importer(2089858483,0ecaa5967403d082aa24f35e1b516d23)
Start importing Assets/AddressableAssetsData/AddressableAssetSettings.asset using Guid(56d6bbf575bbfae4dbdf631cb6f97ad6) Importer(2089858483,0ecaa5967403d082aa24f35e1b516d23) Generated GUIDs only implemented for interfaces!
 -> (artifact id: '7494eb9788bce456b194a1caf92b58c3') in 0.079115 seconds
Number of updated asset objects reloaded before import = 0
Number of asset objects unloaded after import = 1
========================================================================
Received Import Request.
  Time since last request: 0.002038 seconds.
  path: Assets/Localization/English (en).asset
  artifactKey: Guid(9af0a246121302f49be28092e0400d27) Importer(2089858483,3d70f49cd1c2eb9ae422958d1c652c6b)
Start importing Assets/Localization/English (en).asset using Guid(9af0a246121302f49be28092e0400d27) Importer(2089858483,3d70f49cd1c2eb9ae422958d1c652c6b) Generated GUIDs only implemented for interfaces!
 -> (artifact id: 'ca88bdacf1d25043ad1dc0dd23fe03cd') in 0.026925 seconds
Number of updated asset objects reloaded before import = 0
Number of asset objects unloaded after import = 0
========================================================================
Received Import Request.
  Time since last request: 0.000025 seconds.
  path: Assets/TileMaps/Palette/Demo_0.asset
  artifactKey: Guid(d556a6020a3199343b780856682b1794) Importer(2089858483,0ecaa5967403d082aa24f35e1b516d23)
Start importing Assets/TileMaps/Palette/Demo_0.asset using Guid(d556a6020a3199343b780856682b1794) Importer(2089858483,0ecaa5967403d082aa24f35e1b516d23) Generated GUIDs only implemented for interfaces!
 -> (artifact id: '18825afe3be1bbc360dd8a78517fb008') in 0.039967 seconds
Number of updated asset objects reloaded before import = 0
Number of asset objects unloaded after import = 3
========================================================================
Received Import Request.
  Time since last request: 0.010100 seconds.
  path: Assets/TileMaps/Palette/Demo_1.asset
  artifactKey: Guid(249f9ef25379c9748a982c7ebd7741f7) Importer(2089858483,0ecaa5967403d082aa24f35e1b516d23)
Start importing Assets/TileMaps/Palette/Demo_1.asset using Guid(249f9ef25379c9748a982c7ebd7741f7) Importer(2089858483,0ecaa5967403d082aa24f35e1b516d23) Generated GUIDs only implemented for interfaces!
 -> (artifact id: 'cf2984305234d22b1f2fb8390300435c') in 0.034856 seconds
Number of updated asset objects reloaded before import = 0
Number of asset objects unloaded after import = 3
========================================================================
Received Import Request.
  Time since last request: 0.001285 seconds.
  path: Assets/Scripts/Game/Player
  artifactKey: Guid(6dbe7f69b2aaf37498d1789f5e119084) Importer(2089858483,0ecaa5967403d082aa24f35e1b516d23)
Start importing Assets/Scripts/Game/Player using Guid(6dbe7f69b2aaf37498d1789f5e119084) Importer(2089858483,0ecaa5967403d082aa24f35e1b516d23) Generated GUIDs only implemented for interfaces!
 -> (artifact id: 'fde8403dccc3a8176f13277fb7093130') in 0.017941 seconds
Number of updated asset objects reloaded before import = 0
Number of asset objects unloaded after import = 1
========================================================================
Received Import Request.
  Time since last request: 0.004689 seconds.
  path: Assets/TileMaps/Palette/Maps_6.asset
  artifactKey: Guid(9ad51d6430d17554b8ea4034a1b630be) Importer(2089858483,0ecaa5967403d082aa24f35e1b516d23)
Start importing Assets/TileMaps/Palette/Maps_6.asset using Guid(9ad51d6430d17554b8ea4034a1b630be) Importer(2089858483,0ecaa5967403d082aa24f35e1b516d23) Generated GUIDs only implemented for interfaces!
 -> (artifact id: '10bc7ae5724a24731036b286a0d85c6c') in 0.028963 seconds
Number of updated asset objects reloaded before import = 0
Number of asset objects unloaded after import = 3
========================================================================
Received Import Request.
  Time since last request: 0.005682 seconds.
  path: Assets/Prefab/Demo_3.prefab
  artifactKey: Guid(7f41890f128731e44b4611619a07b00d) Importer(2089858483,3d70f49cd1c2eb9ae422958d1c652c6b)
Start importing Assets/Prefab/Demo_3.prefab using Guid(7f41890f128731e44b4611619a07b00d) Importer(2089858483,3d70f49cd1c2eb9ae422958d1c652c6b) Generated GUIDs only implemented for interfaces!
 -> (artifact id: 'c169b0a8f99422f1abdf19a4f5789daa') in 0.310045 seconds
Number of updated asset objects reloaded before import = 0
Number of asset objects unloaded after import = 8
========================================================================
Received Import Request.
  Time since last request: 0.000512 seconds.
  path: Assets/AddressableAssetsData/AssetGroups/Schemas/Localization-Locales_BundledAssetGroupSchema.asset
  artifactKey: Guid(c45561eb822e2164f8b47c42aa5e50b7) Importer(2089858483,3d70f49cd1c2eb9ae422958d1c652c6b)
Start importing Assets/AddressableAssetsData/AssetGroups/Schemas/Localization-Locales_BundledAssetGroupSchema.asset using Guid(c45561eb822e2164f8b47c42aa5e50b7) Importer(2089858483,3d70f49cd1c2eb9ae422958d1c652c6b) Generated GUIDs only implemented for interfaces!
 -> (artifact id: 'e36719ac8a15f83dc0d7f5509763544e') in 0.019849 seconds
Number of updated asset objects reloaded before import = 0
Number of asset objects unloaded after import = 0
========================================================================
Received Import Request.
  Time since last request: 0.000024 seconds.
  path: Assets/AddressableAssetsData/DataBuilders/BuildScriptPackedPlayMode.asset
  artifactKey: Guid(83259bee4f5434c4aa3c629662563bcb) Importer(2089858483,0ecaa5967403d082aa24f35e1b516d23)
Start importing Assets/AddressableAssetsData/DataBuilders/BuildScriptPackedPlayMode.asset using Guid(83259bee4f5434c4aa3c629662563bcb) Importer(2089858483,0ecaa5967403d082aa24f35e1b516d23) Generated GUIDs only implemented for interfaces!
 -> (artifact id: '36e8de56ffe31ab3dfd2258f3402db71') in 0.037517 seconds
Number of updated asset objects reloaded before import = 0
Number of asset objects unloaded after import = 1
========================================================================
Received Import Request.
  Time since last request: 0.001106 seconds.
  path: Assets/AddressableAssetsData/AssetGroups/Schemas/Localization-Locales_ContentUpdateGroupSchema.asset
  artifactKey: Guid(59e7277e3a0540c428dadbe2c05e59e0) Importer(2089858483,3d70f49cd1c2eb9ae422958d1c652c6b)
Start importing Assets/AddressableAssetsData/AssetGroups/Schemas/Localization-Locales_ContentUpdateGroupSchema.asset using Guid(59e7277e3a0540c428dadbe2c05e59e0) Importer(2089858483,3d70f49cd1c2eb9ae422958d1c652c6b) Generated GUIDs only implemented for interfaces!
 -> (artifact id: '5b25268509c0354e32f0b7317ac165d1') in 0.074670 seconds
Number of updated asset objects reloaded before import = 0
Number of asset objects unloaded after import = 0
========================================================================
Received Import Request.
  Time since last request: 0.005112 seconds.
  path: Assets/AddressableAssetsData/DataBuilders/BuildScriptVirtualMode.asset
  artifactKey: Guid(533fb99877eeea347aa98422e5b0f928) Importer(2089858483,3d70f49cd1c2eb9ae422958d1c652c6b)
Start importing Assets/AddressableAssetsData/DataBuilders/BuildScriptVirtualMode.asset using Guid(533fb99877eeea347aa98422e5b0f928) Importer(2089858483,3d70f49cd1c2eb9ae422958d1c652c6b) Generated GUIDs only implemented for interfaces!
 -> (artifact id: '594ff453d9c0171e40c78c44810f2d3c') in 0.020998 seconds
Number of updated asset objects reloaded before import = 0
Number of asset objects unloaded after import = 0
========================================================================
Received Import Request.
  Time since last request: 0.000016 seconds.
  path: Assets/AddressableAssetsData/AssetGroups
  artifactKey: Guid(f1dcc229f2a5fe049bdf3e493405907d) Importer(2089858483,0ecaa5967403d082aa24f35e1b516d23)
Start importing Assets/AddressableAssetsData/AssetGroups using Guid(f1dcc229f2a5fe049bdf3e493405907d) Importer(2089858483,0ecaa5967403d082aa24f35e1b516d23) Generated GUIDs only implemented for interfaces!
 -> (artifact id: 'd0383a54e157e04270763e127c52ae8e') in 0.022770 seconds
Number of updated asset objects reloaded before import = 0
Number of asset objects unloaded after import = 1
========================================================================
Received Import Request.
  Time since last request: 0.000442 seconds.
  path: Assets/Localization/English (en).asset
  artifactKey: Guid(9af0a246121302f49be28092e0400d27) Importer(2089858483,0ecaa5967403d082aa24f35e1b516d23)
Start importing Assets/Localization/English (en).asset using Guid(9af0a246121302f49be28092e0400d27) Importer(2089858483,0ecaa5967403d082aa24f35e1b516d23) Generated GUIDs only implemented for interfaces!
 -> (artifact id: '35fe236cb6e805da0983aa0afc0fc706') in 0.027544 seconds
Number of updated asset objects reloaded before import = 0
Number of asset objects unloaded after import = 1
========================================================================
Received Import Request.
  Time since last request: 0.000016 seconds.
  path: Assets/TileMaps/Palette/Demo_3.asset
  artifactKey: Guid(49f79dea7e043304e9f717c00ecf9270) Importer(2089858483,0ecaa5967403d082aa24f35e1b516d23)
Start importing Assets/TileMaps/Palette/Demo_3.asset using Guid(49f79dea7e043304e9f717c00ecf9270) Importer(2089858483,0ecaa5967403d082aa24f35e1b516d23) Generated GUIDs only implemented for interfaces!
 -> (artifact id: '2d0ed2c600c0e939e214da6ba439c6ad') in 0.030316 seconds
Number of updated asset objects reloaded before import = 0
Number of asset objects unloaded after import = 3
========================================================================
Received Import Request.
  Time since last request: 0.000170 seconds.
  path: Assets/TileMaps/Palette/TilemapPatette.prefab
  artifactKey: Guid(8a525f37c358e554694b9e2beeb23a28) Importer(2089858483,3d70f49cd1c2eb9ae422958d1c652c6b)
Start importing Assets/TileMaps/Palette/TilemapPatette.prefab using Guid(8a525f37c358e554694b9e2beeb23a28) Importer(2089858483,3d70f49cd1c2eb9ae422958d1c652c6b) Generated GUIDs only implemented for interfaces!
 -> (artifact id: 'd9efd26e627eed2e5f757a227bb59759') in 0.075557 seconds
Number of updated asset objects reloaded before import = 0
Number of asset objects unloaded after import = 9
========================================================================
Received Import Request.
  Time since last request: 0.003952 seconds.
  path: Assets/Scripts/UI/UI Menu
  artifactKey: Guid(2612eeb5aaf3f514b8103e8904eb0e2c) Importer(2089858483,0ecaa5967403d082aa24f35e1b516d23)
Start importing Assets/Scripts/UI/UI Menu using Guid(2612eeb5aaf3f514b8103e8904eb0e2c) Importer(2089858483,0ecaa5967403d082aa24f35e1b516d23) Generated GUIDs only implemented for interfaces!
 -> (artifact id: '6092b75742109faf0d342b31713bf5b5') in 0.082114 seconds
Number of updated asset objects reloaded before import = 0
Number of asset objects unloaded after import = 1
========================================================================
Received Import Request.
  Time since last request: 0.015589 seconds.
  path: Assets/Editor/com.unity.mobile.notifications/NotificationSettings.asset
  artifactKey: Guid(4cee8bca36f2ab74b8feb832747fa6f4) Importer(2089858483,3d70f49cd1c2eb9ae422958d1c652c6b)
Start importing Assets/Editor/com.unity.mobile.notifications/NotificationSettings.asset using Guid(4cee8bca36f2ab74b8feb832747fa6f4) Importer(2089858483,3d70f49cd1c2eb9ae422958d1c652c6b) Generated GUIDs only implemented for interfaces!
 -> (artifact id: 'fc49ebc4644248ce4e985f61f8867c1b') in 0.057931 seconds
Number of updated asset objects reloaded before import = 0
Number of asset objects unloaded after import = 0
========================================================================
Received Import Request.
  Time since last request: 0.000301 seconds.
  path: Assets/Adaptive Performance/Settings/Simulator Provider Settings.asset
  artifactKey: Guid(bd4781d2594c3934793c0553945aa169) Importer(2089858483,3d70f49cd1c2eb9ae422958d1c652c6b)
Start importing Assets/Adaptive Performance/Settings/Simulator Provider Settings.asset using Guid(bd4781d2594c3934793c0553945aa169) Importer(2089858483,3d70f49cd1c2eb9ae422958d1c652c6b) Generated GUIDs only implemented for interfaces!
 -> (artifact id: '5a1cb1ce924697037d126ba3b8405d15') in 0.092448 seconds
Number of updated asset objects reloaded before import = 0
Number of asset objects unloaded after import = 0
========================================================================
Received Import Request.
  Time since last request: 0.060493 seconds.
  path: Assets/TileMaps/Maps.png
  artifactKey: Guid(479b351dabf82374c99720e7164c0118) Importer(2089858483,0ecaa5967403d082aa24f35e1b516d23)
Start importing Assets/TileMaps/Maps.png using Guid(479b351dabf82374c99720e7164c0118) Importer(2089858483,0ecaa5967403d082aa24f35e1b516d23) Generated GUIDs only implemented for interfaces!
 -> (artifact id: 'dd38a9efa9034d1e6a9155b4db3be1c8') in 0.509242 seconds
Number of updated asset objects reloaded before import = 0
Number of asset objects unloaded after import = 12
========================================================================
Received Import Request.
  Time since last request: 0.005714 seconds.
  path: Assets/Render/UspRender.asset
  artifactKey: Guid(90800e81745ed6b41af16fd4e696488d) Importer(2089858483,3d70f49cd1c2eb9ae422958d1c652c6b)
Start importing Assets/Render/UspRender.asset using Guid(90800e81745ed6b41af16fd4e696488d) Importer(2089858483,3d70f49cd1c2eb9ae422958d1c652c6b) Generated GUIDs only implemented for interfaces!
 -> (artifact id: '22a750e1d5dd2a50cad8e3bc2f863005') in 0.024548 seconds
Number of updated asset objects reloaded before import = 0
Number of asset objects unloaded after import = 0
========================================================================
Received Import Request.
  Time since last request: 0.000821 seconds.
  path: Assets/TileMaps/Р РµСЃСѓСЂСЃ 7.png
  artifactKey: Guid(24901c1d5f3a0e24f8ad1597d9f0d919) Importer(2089858483,0ecaa5967403d082aa24f35e1b516d23)
Start importing Assets/TileMaps/Р РµСЃСѓСЂСЃ 7.png using Guid(24901c1d5f3a0e24f8ad1597d9f0d919) Importer(2089858483,0ecaa5967403d082aa24f35e1b516d23) Generated GUIDs only implemented for interfaces!
 -> (artifact id: 'bb8c9ffafd978daf9ff44af57a29eba5') in 0.091356 seconds
Number of updated asset objects reloaded before import = 0
Number of asset objects unloaded after import = 3
========================================================================
Received Import Request.
  Time since last request: 0.000018 seconds.
  path: Assets/Localization/Localization Settings.asset
  artifactKey: Guid(867773c41e645d54aa9d4be00efafd25) Importer(2089858483,0ecaa5967403d082aa24f35e1b516d23)
Start importing Assets/Localization/Localization Settings.asset using Guid(867773c41e645d54aa9d4be00efafd25) Importer(2089858483,0ecaa5967403d082aa24f35e1b516d23) Generated GUIDs only implemented for interfaces!
 -> (artifact id: 'be4f245694981507975b94d13d0e127d') in 0.281911 seconds
Number of updated asset objects reloaded before import = 0
Number of asset objects unloaded after import = 1
========================================================================
Received Import Request.
  Time since last request: 0.040700 seconds.
  path: Assets/AddressableAssetsData/AssetGroupTemplates/Packed Assets.asset
  artifactKey: Guid(cef3e6149184c024ab5f432c08e3c59e) Importer(2089858483,3d70f49cd1c2eb9ae422958d1c652c6b)
Start importing Assets/AddressableAssetsData/AssetGroupTemplates/Packed Assets.asset using Guid(cef3e6149184c024ab5f432c08e3c59e) Importer(2089858483,3d70f49cd1c2eb9ae422958d1c652c6b) Generated GUIDs only implemented for interfaces!
 -> (artifact id: 'cf7ae3e82eb426f971f2757bbe6fd96b') in 0.039834 seconds
Number of updated asset objects reloaded before import = 0
Number of asset objects unloaded after import = 0
========================================================================
Received Import Request.
  Time since last request: 0.009511 seconds.
  path: Assets/AddressableAssetsData/AssetGroups/Schemas/Default Local Group_BundledAssetGroupSchema.asset
  artifactKey: Guid(92ed775fa6e54764a8e91e9217b2f9d2) Importer(2089858483,3d70f49cd1c2eb9ae422958d1c652c6b)
Start importing Assets/AddressableAssetsData/AssetGroups/Schemas/Default Local Group_BundledAssetGroupSchema.asset using Guid(92ed775fa6e54764a8e91e9217b2f9d2) Importer(2089858483,3d70f49cd1c2eb9ae422958d1c652c6b) Generated GUIDs only implemented for interfaces!
 -> (artifact id: 'd35b42025576e8bf951329d932708d0c') in 0.055810 seconds
Number of updated asset objects reloaded before import = 0
Number of asset objects unloaded after import = 0
========================================================================
Received Import Request.
  Time since last request: 0.001536 seconds.
  path: Assets/Scenes/SampleScene.unity
  artifactKey: Guid(3fc8acdd13e6c734bafef6554d6fdbcd) Importer(2089858483,3d70f49cd1c2eb9ae422958d1c652c6b)
Start importing Assets/Scenes/SampleScene.unity using Guid(3fc8acdd13e6c734bafef6554d6fdbcd) Importer(2089858483,3d70f49cd1c2eb9ae422958d1c652c6b) Opening scene 'Assets/Scenes/SampleScene.unity additively'
Loaded scene 'Assets/Scenes/SampleScene.unity'
	Deserialize:            17.712 ms
	Integration:            397.502 ms
	Integration of assets:  19.048 ms
	Thread Wait Time:       10.397 ms
	Total Operation Time:   444.660 ms
Generated GUIDs only implemented for interfaces!
 -> (artifact id: '2b13533eef6dc4bf409dbd47ecd0fb90') in 0.581194 seconds
Number of updated asset objects reloaded before import = 0
Number of asset objects unloaded after import = 4
========================================================================
Received Import Request.
  Time since last request: 21.407456 seconds.
  path: Assets/Settings/Very Low_PipelineAsset_ForwardRenderer.asset
  artifactKey: Guid(b1e9da4ad8294b643aae1cae798c0b20) Importer(2089858483,0ecaa5967403d082aa24f35e1b516d23)
Start importing Assets/Settings/Very Low_PipelineAsset_ForwardRenderer.asset using Guid(b1e9da4ad8294b643aae1cae798c0b20) Importer(2089858483,0ecaa5967403d082aa24f35e1b516d23) Generated GUIDs only implemented for interfaces!
 -> (artifact id: '3ca9d43306091a44b964c674cda66b37') in 0.061628 seconds
Number of updated asset objects reloaded before import = 1
Number of asset objects unloaded after import = 2
========================================================================
Received Import Request.
  Time since last request: 0.000017 seconds.
  path: Assets/Settings/Very High_PipelineAsset_ForwardRenderer.asset
  artifactKey: Guid(6c8ce70ab1e84f744ad5a20bc3cd324a) Importer(2089858483,0ecaa5967403d082aa24f35e1b516d23)
Start importing Assets/Settings/Very High_PipelineAsset_ForwardRenderer.asset using Guid(6c8ce70ab1e84f744ad5a20bc3cd324a) Importer(2089858483,0ecaa5967403d082aa24f35e1b516d23) Generated GUIDs only implemented for interfaces!
 -> (artifact id: '2adc7b71bd48d077e3d9f5d20ff1ce7d') in 0.041837 seconds
Number of updated asset objects reloaded before import = 0
Number of asset objects unloaded after import = 2
========================================================================
Received Import Request.
  Time since last request: 0.000240 seconds.
  path: Assets/Prefab/Demo_3.prefab
  artifactKey: Guid(7f41890f128731e44b4611619a07b00d) Importer(2089858483,0ecaa5967403d082aa24f35e1b516d23)
Start importing Assets/Prefab/Demo_3.prefab using Guid(7f41890f128731e44b4611619a07b00d) Importer(2089858483,0ecaa5967403d082aa24f35e1b516d23) Generated GUIDs only implemented for interfaces!
 -> (artifact id: '29f11ed9968d494c297eb1595ac83261') in 0.029792 seconds
Number of updated asset objects reloaded before import = 0
Number of asset objects unloaded after import = 8
========================================================================
Received Import Request.
  Time since last request: 0.000260 seconds.
  path: Assets/Settings/Very High_PipelineAsset.asset
  artifactKey: Guid(f603eaf70318760408fe198378c267ea) Importer(2089858483,0ecaa5967403d082aa24f35e1b516d23)
Start importing Assets/Settings/Very High_PipelineAsset.asset using Guid(f603eaf70318760408fe198378c267ea) Importer(2089858483,0ecaa5967403d082aa24f35e1b516d23) Generated GUIDs only implemented for interfaces!
 -> (artifact id: '87ee81e02d6c6e8c7d36a15dafdd4229') in 0.068961 seconds
Number of updated asset objects reloaded before import = 0
Number of asset objects unloaded after import = 3
========================================================================
Received Import Request.
  Time since last request: 0.000016 seconds.
  path: Assets/Prefab/Demo_2.prefab
  artifactKey: Guid(e70aa710e1e42a94c92eaa55e3c66b69) Importer(2089858483,0ecaa5967403d082aa24f35e1b516d23)
Start importing Assets/Prefab/Demo_2.prefab using Guid(e70aa710e1e42a94c92eaa55e3c66b69) Importer(2089858483,0ecaa5967403d082aa24f35e1b516d23) Generated GUIDs only implemented for interfaces!
 -> (artifact id: '591c9c5a82deb51c064ba096844f0f7b') in 0.029784 seconds
Number of updated asset objects reloaded before import = 0
Number of asset objects unloaded after import = 8
========================================================================
Received Import Request.
  Time since last request: 0.000018 seconds.
  path: Assets/Settings/Ultra_PipelineAsset_ForwardRenderer.asset
  artifactKey: Guid(ae47687177f2e6d44b072ba437652d11) Importer(2089858483,0ecaa5967403d082aa24f35e1b516d23)
Start importing Assets/Settings/Ultra_PipelineAsset_ForwardRenderer.asset using Guid(ae47687177f2e6d44b072ba437652d11) Importer(2089858483,0ecaa5967403d082aa24f35e1b516d23) Generated GUIDs only implemented for interfaces!
 -> (artifact id: 'c7f26b10348e8609ace25bea27b696bd') in 0.034258 seconds
Number of updated asset objects reloaded before import = 0
Number of asset objects unloaded after import = 2
========================================================================
Received Import Request.
  Time since last request: 0.000020 seconds.
  path: Assets/Prefab/Demo_1.prefab
  artifactKey: Guid(78fc4a36e477385449df532f0401e058) Importer(2089858483,0ecaa5967403d082aa24f35e1b516d23)
Start importing Assets/Prefab/Demo_1.prefab using Guid(78fc4a36e477385449df532f0401e058) Importer(2089858483,0ecaa5967403d082aa24f35e1b516d23) Generated GUIDs only implemented for interfaces!
 -> (artifact id: '02e645313e07e17311afa10a167d7a11') in 0.021248 seconds
Number of updated asset objects reloaded before import = 0
Number of asset objects unloaded after import = 8
========================================================================
Received Import Request.
  Time since last request: 0.004312 seconds.
  path: Assets/Scenes/GameScane.unity
  artifactKey: Guid(581de2f69a075ec44aadb36f670e3b24) Importer(2089858483,0ecaa5967403d082aa24f35e1b516d23)
Start importing Assets/Scenes/GameScane.unity using Guid(581de2f69a075ec44aadb36f670e3b24) Importer(2089858483,0ecaa5967403d082aa24f35e1b516d23) Generated GUIDs only implemented for interfaces!
 -> (artifact id: '9d9909e6c9ae2aef8f880d34860512a4') in 0.017165 seconds
Number of updated asset objects reloaded before import = 0
Number of asset objects unloaded after import = 1
Editor requested this worker to shutdown with reason: Scaling down because of idle timeout
TcpMessagingSession - receive error: operation aborted. errorcode: 995, details: Операция ввода/вывода была прервана из-за завершения потока команд или по запросу приложения.
AssetImportWorker is now disconnected from the server
Process exiting
Exiting without the bug reporter. Application will terminate with return code 0