Using pre-set license
Built from '2022.3/staging' branch; Version is '2022.3.2f1 (d74737c6db50) revision 14108471'; Using compiler version '192829333'; Build Type 'Release'
OS: 'Windows 11  (10.0.22621) 64bit CoreSingleLanguage' Language: 'ru' Physical Memory: 16330 MB
BatchMode: 1, IsHumanControllingUs: 0, StartBugReporterOnCrash: 0, Is64bit: 1, IsPro: 1

COMMAND LINE ARGUMENTS:
F:\Unity\2022.3.2f1\Editor\Unity.exe
-adb2
-batchMode
-noUpm
-name
AssetImportWorker6
-projectPath
F:/Game_maze/GameMaze
-logFile
Logs/AssetImportWorker6.log
-srvPort
57902
Successfully changed project path to: F:/Game_maze/GameMaze
F:/Game_maze/GameMaze
[UnityMemory] Configuration Parameters - Can be set up in boot.config
    "memorysetup-bucket-allocator-granularity=16"
    "memorysetup-bucket-allocator-bucket-count=8"
    "memorysetup-bucket-allocator-block-size=33554432"
    "memorysetup-bucket-allocator-block-count=8"
    "memorysetup-main-allocator-block-size=16777216"
    "memorysetup-thread-allocator-block-size=16777216"
    "memorysetup-gfx-main-allocator-block-size=16777216"
    "memorysetup-gfx-thread-allocator-block-size=16777216"
    "memorysetup-cache-allocator-block-size=4194304"
    "memorysetup-typetree-allocator-block-size=2097152"
    "memorysetup-profiler-bucket-allocator-granularity=16"
    "memorysetup-profiler-bucket-allocator-bucket-count=8"
    "memorysetup-profiler-bucket-allocator-block-size=33554432"
    "memorysetup-profiler-bucket-allocator-block-count=8"
    "memorysetup-profiler-allocator-block-size=16777216"
    "memorysetup-profiler-editor-allocator-block-size=1048576"
    "memorysetup-temp-allocator-size-main=16777216"
    "memorysetup-job-temp-allocator-block-size=2097152"
    "memorysetup-job-temp-allocator-block-size-background=1048576"
    "memorysetup-job-temp-allocator-reduction-small-platforms=262144"
    "memorysetup-allocator-temp-initial-block-size-main=262144"
    "memorysetup-allocator-temp-initial-block-size-worker=262144"
    "memorysetup-temp-allocator-size-background-worker=32768"
    "memorysetup-temp-allocator-size-job-worker=262144"
    "memorysetup-temp-allocator-size-preload-manager=33554432"
    "memorysetup-temp-allocator-size-nav-mesh-worker=65536"
    "memorysetup-temp-allocator-size-audio-worker=65536"
    "memorysetup-temp-allocator-size-cloud-worker=32768"
    "memorysetup-temp-allocator-size-gi-baking-worker=262144"
    "memorysetup-temp-allocator-size-gfx=262144"
Player connection [18988] Host "[IP] 192.168.0.106 [Port] 0 [Flags] 2 [Guid] 3322908093 [EditorId] 3322908093 [Version] 1048832 [Id] WindowsEditor(7,DESKTOP-MP7AG44) [Debug] 1 [PackageName] WindowsEditor [ProjectName] Editor" joined multi-casting on [225.0.0.222:54997]...

Player connection [18988] Host "[IP] 192.168.0.106 [Port] 0 [Flags] 2 [Guid] 3322908093 [EditorId] 3322908093 [Version] 1048832 [Id] WindowsEditor(7,DESKTOP-MP7AG44) [Debug] 1 [PackageName] WindowsEditor [ProjectName] Editor" joined alternative multi-casting on [225.0.0.222:34997]...

Refreshing native plugins compatible for Editor in 96.90 ms, found 4 plugins.
Preloading 0 native plugins for Editor in 0.00 ms.
Initialize engine version: 2022.3.2f1 (d74737c6db50)
[Subsystems] Discovering subsystems at path F:/Unity/2022.3.2f1/Editor/Data/Resources/UnitySubsystems
[Subsystems] Discovering subsystems at path F:/Game_maze/GameMaze/Assets
GfxDevice: creating device client; threaded=0; jobified=0
Direct3D:
    Version:  Direct3D 11.0 [level 11.1]
    Renderer: NVIDIA GeForce GTX 1050 Ti (ID=0x1c82)
    Vendor:   NVIDIA
    VRAM:     4017 MB
    Driver:   31.0.15.2849
Initialize mono
Mono path[0] = 'F:/Unity/2022.3.2f1/Editor/Data/Managed'
Mono path[1] = 'F:/Unity/2022.3.2f1/Editor/Data/MonoBleedingEdge/lib/mono/unityjit-win32'
Mono config path = 'F:/Unity/2022.3.2f1/Editor/Data/MonoBleedingEdge/etc'
Using monoOptions --debugger-agent=transport=dt_socket,embedding=1,server=y,suspend=n,address=127.0.0.1:56340
Begin MonoManager ReloadAssembly
Registering precompiled unity dll's ...
Register platform support module: F:/Unity/2022.3.2f1/Editor/Data/PlaybackEngines/AndroidPlayer/UnityEditor.Android.Extensions.dll
Register platform support module: F:/Unity/2022.3.2f1/Editor/Data/PlaybackEngines/WindowsStandaloneSupport/UnityEditor.WindowsStandalone.Extensions.dll
Registered in 0.021223 seconds.
- Loaded All Assemblies, in  1.361 seconds
Native extension for WindowsStandalone target not found
Native extension for Android target not found
Android Extension - Scanning For ADB Devices 1255 ms
Mono: successfully reloaded assembly
- Finished resetting the current domain, in  2.134 seconds
Domain Reload Profiling: 3495ms
	BeginReloadAssembly (708ms)
		ExecutionOrderSort (0ms)
		DisableScriptedObjects (0ms)
		BackupInstance (0ms)
		ReleaseScriptingObjects (0ms)
		CreateAndSetChildDomain (2ms)
	RebuildCommonClasses (120ms)
	RebuildNativeTypeToScriptingClass (40ms)
	initialDomainReloadingComplete (163ms)
	LoadAllAssembliesAndSetupDomain (328ms)
		LoadAssemblies (705ms)
		RebuildTransferFunctionScriptingTraits (0ms)
		AnalyzeDomain (320ms)
			TypeCache.Refresh (317ms)
				TypeCache.ScanAssembly (296ms)
			ScanForSourceGeneratedMonoScriptInfo (0ms)
			ResolveRequiredComponents (3ms)
	FinalizeReload (2134ms)
		ReleaseScriptCaches (0ms)
		RebuildScriptCaches (0ms)
		SetupLoadedEditorAssemblies (1936ms)
			LogAssemblyErrors (0ms)
			InitializePlatformSupportModulesInManaged (1521ms)
			SetLoadedEditorAssemblies (6ms)
			RefreshPlugins (0ms)
			BeforeProcessingInitializeOnLoad (2ms)
			ProcessInitializeOnLoadAttributes (267ms)
			ProcessInitializeOnLoadMethodAttributes (139ms)
			AfterProcessingInitializeOnLoad (0ms)
			EditorAssembliesLoaded (0ms)
		ExecutionOrderSort2 (0ms)
		AwakeInstancesAfterBackupRestoration (0ms)
========================================================================
Worker process is ready to serve import requests
Begin MonoManager ReloadAssembly
Symbol file LoadedFromMemory doesn't match image F:\Game_maze\GameMaze\Library\PackageCache\com.unity.visualscripting@1.8.0\Editor\VisualScripting.Core\Dependencies\YamlDotNet\Unity.VisualScripting.YamlDotNet.dll
Symbol file LoadedFromMemory doesn't match image F:\Game_maze\GameMaze\Library\PackageCache\com.unity.visualscripting@1.8.0\Editor\VisualScripting.Core\Dependencies\DotNetZip\Unity.VisualScripting.IonicZip.dll
Symbol file LoadedFromMemory is not a mono symbol file
- Loaded All Assemblies, in  3.417 seconds
Refreshing native plugins compatible for Editor in 20.45 ms, found 4 plugins.
Native extension for WindowsStandalone target not found
Native extension for Android target not found
Mono: successfully reloaded assembly
Package Manager log level set to [2]
[Package Manager] Server::EnsureServerProcessIsRunning -- launch failed, reason: Unity was launched with the -noUpm command-line argument
[Package Manager] UpmClient::Send -- Unable to send message (not connected to UPM process).
[Package Manager] Cannot connect to Unity Package Manager local server
[Package Manager] Server::EnsureServerProcessIsRunning -- launch failed, reason: Unity was launched with the -noUpm command-line argument
[Package Manager] UpmClient::Send -- Unable to send message (not connected to UPM process).
[Package Manager] Cannot connect to Unity Package Manager local server
- Finished resetting the current domain, in  2.753 seconds
Domain Reload Profiling: 6167ms
	BeginReloadAssembly (550ms)
		ExecutionOrderSort (0ms)
		DisableScriptedObjects (15ms)
		BackupInstance (0ms)
		ReleaseScriptingObjects (0ms)
		CreateAndSetChildDomain (96ms)
	RebuildCommonClasses (249ms)
	RebuildNativeTypeToScriptingClass (75ms)
	initialDomainReloadingComplete (164ms)
	LoadAllAssembliesAndSetupDomain (2377ms)
		LoadAssemblies (1259ms)
		RebuildTransferFunctionScriptingTraits (0ms)
		AnalyzeDomain (1389ms)
			TypeCache.Refresh (1267ms)
				TypeCache.ScanAssembly (1224ms)
			ScanForSourceGeneratedMonoScriptInfo (94ms)
			ResolveRequiredComponents (28ms)
	FinalizeReload (2753ms)
		ReleaseScriptCaches (0ms)
		RebuildScriptCaches (0ms)
		SetupLoadedEditorAssemblies (2096ms)
			LogAssemblyErrors (0ms)
			InitializePlatformSupportModulesInManaged (63ms)
			SetLoadedEditorAssemblies (15ms)
			RefreshPlugins (0ms)
			BeforeProcessingInitializeOnLoad (170ms)
			ProcessInitializeOnLoadAttributes (1582ms)
			ProcessInitializeOnLoadMethodAttributes (263ms)
			AfterProcessingInitializeOnLoad (3ms)
			EditorAssembliesLoaded (0ms)
		ExecutionOrderSort2 (0ms)
		AwakeInstancesAfterBackupRestoration (14ms)
Switching render pipeline 00000000000000000000000000000000 -> 90800e81745ed6b41af16fd4e696488d
Launched and connected shader compiler UnityShaderCompiler.exe after 0.43 seconds
Refreshing native plugins compatible for Editor in 75.67 ms, found 4 plugins.
Preloading 0 native plugins for Editor in 0.00 ms.
Unloading 6977 Unused Serialized files (Serialized files now loaded: 0)
Unloading 111 unused Assets / (0.8 MB). Loaded Objects now: 7427.
Memory consumption went from 249.4 MB to 248.6 MB.
Total: 189.581800 ms (FindLiveObjects: 1.414400 ms CreateObjectMapping: 1.193800 ms MarkObjects: 184.982800 ms  DeleteObjects: 1.989300 ms)

AssetImportParameters requested are different than current active one (requested -> active):
  custom:container-demuxer-ogg: 62fdf1f143b41e24485cea50d1cbac27 -> 
  custom:framework-win-MediaFoundation: 216162199b28c13a410421893ffa2e32 -> 
  custom:container-muxer-webm: aa71ff27fc2769a1b78a27578f13a17b -> 
  custom:video-decoder-webm-vp8: 9c59270c3fd7afecdb556c50c9e8de78 -> 
  custom:AudioImporter_EditorPlatform: d09bf68614088b80899f8185d706f6e7 -> 
  custom:audio-decoder-ogg-vorbis: bf7c407c2cedff20999df2af8eb42d56 -> 
  custom:audio-encoder-webm-vorbis: bf7c407c2cedff20999df2af8eb42d56 -> 
  custom:video-codec-MediaFoundation-h265: 746d11721c4dcdbdad8f713fa42b33f4 -> 
  custom:video-decoder-ogg-theora: a1e56fd34408186e4bbccfd4996cb3dc -> 
  custom:container-demuxer-webm: 4f35f7cbe854078d1ac9338744f61a02 -> 
  custom:video-encoder-webm-vp8: eb34c28f22e8b96e1ab97ce403110664 -> 
========================================================================
Received Import Request.
  Time since last request: 423724.283644 seconds.
  path: Assets/TileMaps/Sprite-0001.png
  artifactKey: Guid(242d75fe9977efb4bbbce8570c81ea7b) Importer(2089858483,0ecaa5967403d082aa24f35e1b516d23)
Start importing Assets/TileMaps/Sprite-0001.png using Guid(242d75fe9977efb4bbbce8570c81ea7b) Importer(2089858483,0ecaa5967403d082aa24f35e1b516d23) Generated GUIDs only implemented for interfaces!
 -> (artifact id: '85231a2b6f56bf6c72577337992255f5') in 0.955268 seconds
Number of updated asset objects reloaded before import = 0
Number of asset objects unloaded after import = 3
========================================================================
Received Import Request.
  Time since last request: 0.001584 seconds.
  path: Assets/TileMaps/Palette/Maps_10.asset
  artifactKey: Guid(57b6e98556db6e54ea821e4f01e502b6) Importer(2089858483,3d70f49cd1c2eb9ae422958d1c652c6b)
Start importing Assets/TileMaps/Palette/Maps_10.asset using Guid(57b6e98556db6e54ea821e4f01e502b6) Importer(2089858483,3d70f49cd1c2eb9ae422958d1c652c6b) Generated GUIDs only implemented for interfaces!
 -> (artifact id: '9feb915b12befaf9e4831c6ade8d0a41') in 0.042997 seconds
Number of updated asset objects reloaded before import = 0
Number of asset objects unloaded after import = 2
========================================================================
Received Import Request.
  Time since last request: 0.026840 seconds.
  path: Assets/TileMaps/Palette/Maps_33.asset
  artifactKey: Guid(3535063ba27026c43ab9adaf295322db) Importer(2089858483,0ecaa5967403d082aa24f35e1b516d23)
Start importing Assets/TileMaps/Palette/Maps_33.asset using Guid(3535063ba27026c43ab9adaf295322db) Importer(2089858483,0ecaa5967403d082aa24f35e1b516d23) Generated GUIDs only implemented for interfaces!
 -> (artifact id: '1b6f6998e4e1fb1982aa060de69b23d0') in 0.072693 seconds
Number of updated asset objects reloaded before import = 0
Number of asset objects unloaded after import = 3
========================================================================
Received Import Request.
  Time since last request: 0.001880 seconds.
  path: Assets/Localization/Russian (ru).asset
  artifactKey: Guid(44c2f6e96a077f74f98a3db4194fedb5) Importer(2089858483,0ecaa5967403d082aa24f35e1b516d23)
Start importing Assets/Localization/Russian (ru).asset using Guid(44c2f6e96a077f74f98a3db4194fedb5) Importer(2089858483,0ecaa5967403d082aa24f35e1b516d23) Generated GUIDs only implemented for interfaces!
 -> (artifact id: 'f87d5032e243c8e09d7983a611a03915') in 0.016425 seconds
Number of updated asset objects reloaded before import = 0
Number of asset objects unloaded after import = 1
========================================================================
Received Import Request.
  Time since last request: 0.000624 seconds.
  path: Assets/AddressableAssetsData/DataBuilders/BuildScriptFastMode.asset
  artifactKey: Guid(8d24c381323c48d41a4e1b29c6ca76cd) Importer(2089858483,3d70f49cd1c2eb9ae422958d1c652c6b)
Start importing Assets/AddressableAssetsData/DataBuilders/BuildScriptFastMode.asset using Guid(8d24c381323c48d41a4e1b29c6ca76cd) Importer(2089858483,3d70f49cd1c2eb9ae422958d1c652c6b) Generated GUIDs only implemented for interfaces!
 -> (artifact id: 'ddba8f06a6cd316a01583ed123473a71') in 0.016530 seconds
Number of updated asset objects reloaded before import = 0
Number of asset objects unloaded after import = 0
========================================================================
Received Import Request.
  Time since last request: 0.000035 seconds.
  path: Assets/Render
  artifactKey: Guid(ecdcc6d828317a74d87b94e9e6060a3e) Importer(2089858483,0ecaa5967403d082aa24f35e1b516d23)
Start importing Assets/Render using Guid(ecdcc6d828317a74d87b94e9e6060a3e) Importer(2089858483,0ecaa5967403d082aa24f35e1b516d23) Generated GUIDs only implemented for interfaces!
 -> (artifact id: 'db870150e1258a8b98912ac5ce52c33e') in 0.021882 seconds
Number of updated asset objects reloaded before import = 0
Number of asset objects unloaded after import = 1
========================================================================
Received Import Request.
  Time since last request: 0.000177 seconds.
  path: Assets/TileMaps/Palette/Maps_21.asset
  artifactKey: Guid(8a1417f63417afa4987052ee08a43cb2) Importer(2089858483,3d70f49cd1c2eb9ae422958d1c652c6b)
Start importing Assets/TileMaps/Palette/Maps_21.asset using Guid(8a1417f63417afa4987052ee08a43cb2) Importer(2089858483,3d70f49cd1c2eb9ae422958d1c652c6b) Generated GUIDs only implemented for interfaces!
 -> (artifact id: '87d16f1b7368e9131def0cb474cadcd2') in 0.017896 seconds
Number of updated asset objects reloaded before import = 0
Number of asset objects unloaded after import = 2
========================================================================
Received Import Request.
  Time since last request: 0.002003 seconds.
  path: Assets/TileMaps/Palette/Maps_0.asset
  artifactKey: Guid(b2e182d672d09c7468c190b4258d414e) Importer(2089858483,0ecaa5967403d082aa24f35e1b516d23)
Start importing Assets/TileMaps/Palette/Maps_0.asset using Guid(b2e182d672d09c7468c190b4258d414e) Importer(2089858483,0ecaa5967403d082aa24f35e1b516d23) Generated GUIDs only implemented for interfaces!
 -> (artifact id: '1157afd0f3d52e1ab502b63ab2a7bc63') in 0.049994 seconds
Number of updated asset objects reloaded before import = 0
Number of asset objects unloaded after import = 3
========================================================================
Received Import Request.
  Time since last request: 0.000533 seconds.
  path: Assets/TileMaps/Palette/Maps_25.asset
  artifactKey: Guid(0f55aba3be32e094faeabdcfa8aaa78e) Importer(2089858483,0ecaa5967403d082aa24f35e1b516d23)
Start importing Assets/TileMaps/Palette/Maps_25.asset using Guid(0f55aba3be32e094faeabdcfa8aaa78e) Importer(2089858483,0ecaa5967403d082aa24f35e1b516d23) Generated GUIDs only implemented for interfaces!
 -> (artifact id: '679f156fcfac220438440df9b30edeb5') in 0.135115 seconds
Number of updated asset objects reloaded before import = 0
Number of asset objects unloaded after import = 3
========================================================================
Received Import Request.
  Time since last request: 0.013543 seconds.
  path: Assets/AddressableAssetsData/DataBuilders/BuildScriptPackedMode.asset
  artifactKey: Guid(522d77a339abcc74fba1b5fb83eb59db) Importer(2089858483,0ecaa5967403d082aa24f35e1b516d23)
Start importing Assets/AddressableAssetsData/DataBuilders/BuildScriptPackedMode.asset using Guid(522d77a339abcc74fba1b5fb83eb59db) Importer(2089858483,0ecaa5967403d082aa24f35e1b516d23) Generated GUIDs only implemented for interfaces!
 -> (artifact id: '1d905f3a155b34e88823521a8edd66c0') in 0.079790 seconds
Number of updated asset objects reloaded before import = 0
Number of asset objects unloaded after import = 1
========================================================================
Received Import Request.
  Time since last request: 0.002929 seconds.
  path: Assets/AddressableAssetsData/AssetGroupTemplates/Packed Assets.asset
  artifactKey: Guid(cef3e6149184c024ab5f432c08e3c59e) Importer(2089858483,0ecaa5967403d082aa24f35e1b516d23)
Start importing Assets/AddressableAssetsData/AssetGroupTemplates/Packed Assets.asset using Guid(cef3e6149184c024ab5f432c08e3c59e) Importer(2089858483,0ecaa5967403d082aa24f35e1b516d23) Generated GUIDs only implemented for interfaces!
 -> (artifact id: 'e84b073e89d71b58fe88e9268106876f') in 0.103832 seconds
Number of updated asset objects reloaded before import = 0
Number of asset objects unloaded after import = 1
========================================================================
Received Import Request.
  Time since last request: 0.008186 seconds.
  path: Assets/Scripts/Game/Player/PlayerController.cs
  artifactKey: Guid(78ae49575e83d29489bf18b0f68888df) Importer(2089858483,0ecaa5967403d082aa24f35e1b516d23)
Start importing Assets/Scripts/Game/Player/PlayerController.cs using Guid(78ae49575e83d29489bf18b0f68888df) Importer(2089858483,0ecaa5967403d082aa24f35e1b516d23) Generated GUIDs only implemented for interfaces!
 -> (artifact id: 'cd2cf9b41b8eb38e84bf307361a89054') in 0.087082 seconds
Number of updated asset objects reloaded before import = 0
Number of asset objects unloaded after import = 1
========================================================================
Received Import Request.
  Time since last request: 0.008332 seconds.
  path: Assets/AddressableAssetsData/DataBuilders/BuildScriptVirtualMode.asset
  artifactKey: Guid(533fb99877eeea347aa98422e5b0f928) Importer(2089858483,0ecaa5967403d082aa24f35e1b516d23)
Start importing Assets/AddressableAssetsData/DataBuilders/BuildScriptVirtualMode.asset using Guid(533fb99877eeea347aa98422e5b0f928) Importer(2089858483,0ecaa5967403d082aa24f35e1b516d23) Generated GUIDs only implemented for interfaces!
 -> (artifact id: '1ce8fefb4e6cc8e93b1c8ea3a83bbbc2') in 0.055651 seconds
Number of updated asset objects reloaded before import = 0
Number of asset objects unloaded after import = 1
========================================================================
Received Import Request.
  Time since last request: 0.000635 seconds.
  path: Assets/Prefab/Demo_2.prefab
  artifactKey: Guid(e70aa710e1e42a94c92eaa55e3c66b69) Importer(2089858483,0ecaa5967403d082aa24f35e1b516d23)
Start importing Assets/Prefab/Demo_2.prefab using Guid(e70aa710e1e42a94c92eaa55e3c66b69) Importer(2089858483,0ecaa5967403d082aa24f35e1b516d23) Generated GUIDs only implemented for interfaces!
 -> (artifact id: '73189d7178efc85e49ce02c1ce5c2357') in 0.093773 seconds
Number of updated asset objects reloaded before import = 0
Number of asset objects unloaded after import = 8
========================================================================
Received Import Request.
  Time since last request: 0.068490 seconds.
  path: Assets/Scripts/UI/UI Menu/SwitchingMenu.cs
  artifactKey: Guid(17daa1a97e395994886ea69007edf69b) Importer(2089858483,0ecaa5967403d082aa24f35e1b516d23)
Start importing Assets/Scripts/UI/UI Menu/SwitchingMenu.cs using Guid(17daa1a97e395994886ea69007edf69b) Importer(2089858483,0ecaa5967403d082aa24f35e1b516d23) Generated GUIDs only implemented for interfaces!
 -> (artifact id: 'bc73a991878a1c22363e059c3966c38a') in 0.063203 seconds
Number of updated asset objects reloaded before import = 0
Number of asset objects unloaded after import = 1
========================================================================
Received Import Request.
  Time since last request: 0.007490 seconds.
  path: Assets/Scripts/Game/CameraFollow.cs
  artifactKey: Guid(74162785482ecb84886b9ca421af3b1f) Importer(2089858483,0ecaa5967403d082aa24f35e1b516d23)
Start importing Assets/Scripts/Game/CameraFollow.cs using Guid(74162785482ecb84886b9ca421af3b1f) Importer(2089858483,0ecaa5967403d082aa24f35e1b516d23) Generated GUIDs only implemented for interfaces!
 -> (artifact id: 'f7175ef0385f44341b5b460ee44a4671') in 0.045384 seconds
Number of updated asset objects reloaded before import = 0
Number of asset objects unloaded after import = 1
========================================================================
Received Import Request.
  Time since last request: 0.029609 seconds.
  path: Assets/Adaptive Performance/Settings/Simulator Provider Settings.asset
  artifactKey: Guid(bd4781d2594c3934793c0553945aa169) Importer(2089858483,0ecaa5967403d082aa24f35e1b516d23)
Start importing Assets/Adaptive Performance/Settings/Simulator Provider Settings.asset using Guid(bd4781d2594c3934793c0553945aa169) Importer(2089858483,0ecaa5967403d082aa24f35e1b516d23) Generated GUIDs only implemented for interfaces!
 -> (artifact id: '14b3f6b88867a2ae1cb8bf1710c90a6e') in 0.158208 seconds
Number of updated asset objects reloaded before import = 0
Number of asset objects unloaded after import = 1
========================================================================
Received Import Request.
  Time since last request: 0.000016 seconds.
  path: Assets/Scenes/SampleScene.unity
  artifactKey: Guid(3fc8acdd13e6c734bafef6554d6fdbcd) Importer(2089858483,0ecaa5967403d082aa24f35e1b516d23)
Start importing Assets/Scenes/SampleScene.unity using Guid(3fc8acdd13e6c734bafef6554d6fdbcd) Importer(2089858483,0ecaa5967403d082aa24f35e1b516d23) Generated GUIDs only implemented for interfaces!
 -> (artifact id: '448d8edb512fccd1fd79a39fe06c6fc7') in 0.017268 seconds
Number of updated asset objects reloaded before import = 0
Number of asset objects unloaded after import = 1
========================================================================
Received Import Request.
  Time since last request: 0.000017 seconds.
  path: Assets/AddressableAssetsData/AssetGroups/Default Local Group.asset
  artifactKey: Guid(e4696a99ba6480c40a312c8eb7ef1256) Importer(2089858483,0ecaa5967403d082aa24f35e1b516d23)
Start importing Assets/AddressableAssetsData/AssetGroups/Default Local Group.asset using Guid(e4696a99ba6480c40a312c8eb7ef1256) Importer(2089858483,0ecaa5967403d082aa24f35e1b516d23) Generated GUIDs only implemented for interfaces!
 -> (artifact id: '2d56e64cdfa1464037fa49013a830fc3') in 0.090423 seconds
Number of updated asset objects reloaded before import = 0
Number of asset objects unloaded after import = 1
========================================================================
Received Import Request.
  Time since last request: 0.004782 seconds.
  path: Assets/Image/Background/Image_Difficulty_Selection.jpg
  artifactKey: Guid(f4237efd0c7a560468257a923248c7a8) Importer(2089858483,0ecaa5967403d082aa24f35e1b516d23)
Start importing Assets/Image/Background/Image_Difficulty_Selection.jpg using Guid(f4237efd0c7a560468257a923248c7a8) Importer(2089858483,0ecaa5967403d082aa24f35e1b516d23) Generated GUIDs only implemented for interfaces!
 -> (artifact id: '30128bbd8618e3acfdd79f7471332adf') in 0.092852 seconds
Number of updated asset objects reloaded before import = 0
Number of asset objects unloaded after import = 3
========================================================================
Received Import Request.
  Time since last request: 0.000019 seconds.
  path: Assets/AddressableAssetsData/AssetGroups/Localization-Locales.asset
  artifactKey: Guid(6e9e3c74a2bf1534fa0f106292f1be71) Importer(2089858483,3d70f49cd1c2eb9ae422958d1c652c6b)
Start importing Assets/AddressableAssetsData/AssetGroups/Localization-Locales.asset using Guid(6e9e3c74a2bf1534fa0f106292f1be71) Importer(2089858483,3d70f49cd1c2eb9ae422958d1c652c6b) Generated GUIDs only implemented for interfaces!
 -> (artifact id: 'f465aac8e1e5295f9dc4ed1cc53722bc') in 0.034493 seconds
Number of updated asset objects reloaded before import = 0
Number of asset objects unloaded after import = 0
========================================================================
Received Import Request.
  Time since last request: 0.000022 seconds.
  path: Assets/TileMaps/Palette/Maps_39.asset
  artifactKey: Guid(b0ef02ca59aa79f4cbf59555579177bd) Importer(2089858483,3d70f49cd1c2eb9ae422958d1c652c6b)
Start importing Assets/TileMaps/Palette/Maps_39.asset using Guid(b0ef02ca59aa79f4cbf59555579177bd) Importer(2089858483,3d70f49cd1c2eb9ae422958d1c652c6b) Generated GUIDs only implemented for interfaces!
 -> (artifact id: 'faf817fc40dc0670e12a8e291ba73af2') in 0.017827 seconds
Number of updated asset objects reloaded before import = 0
Number of asset objects unloaded after import = 2
========================================================================
Received Import Request.
  Time since last request: 0.000288 seconds.
  path: Assets/Prefab
  artifactKey: Guid(4b04df0d9fde6214cb2584ae967bed78) Importer(2089858483,0ecaa5967403d082aa24f35e1b516d23)
Start importing Assets/Prefab using Guid(4b04df0d9fde6214cb2584ae967bed78) Importer(2089858483,0ecaa5967403d082aa24f35e1b516d23) Generated GUIDs only implemented for interfaces!
 -> (artifact id: '654c8654fd628a7f2ac73c7c70d753f4') in 0.020669 seconds
Number of updated asset objects reloaded before import = 0
Number of asset objects unloaded after import = 1
========================================================================
Received Import Request.
  Time since last request: 0.000021 seconds.
  path: Assets/Readme.asset
  artifactKey: Guid(7f2c382dc2c22446db59030979f6e495) Importer(2089858483,3d70f49cd1c2eb9ae422958d1c652c6b)
Start importing Assets/Readme.asset using Guid(7f2c382dc2c22446db59030979f6e495) Importer(2089858483,3d70f49cd1c2eb9ae422958d1c652c6b) Generated GUIDs only implemented for interfaces!
 -> (artifact id: 'c0195c43210dfb43f9502fbb565a95e1') in 0.029076 seconds
Number of updated asset objects reloaded before import = 0
Number of asset objects unloaded after import = 1
========================================================================
Received Import Request.
  Time since last request: 0.000936 seconds.
  path: Assets/Adaptive Performance
  artifactKey: Guid(439c192aa30cb9c499136228eb3f3d0d) Importer(2089858483,0ecaa5967403d082aa24f35e1b516d23)
Start importing Assets/Adaptive Performance using Guid(439c192aa30cb9c499136228eb3f3d0d) Importer(2089858483,0ecaa5967403d082aa24f35e1b516d23) Generated GUIDs only implemented for interfaces!
 -> (artifact id: '4cfa75aa57f206e3a36c134de783927b') in 0.060491 seconds
Number of updated asset objects reloaded before import = 0
Number of asset objects unloaded after import = 1
========================================================================
Received Import Request.
  Time since last request: 0.002833 seconds.
  path: Assets/AddressableAssetsData/AssetGroups/Default Local Group.asset
  artifactKey: Guid(e4696a99ba6480c40a312c8eb7ef1256) Importer(2089858483,3d70f49cd1c2eb9ae422958d1c652c6b)
Start importing Assets/AddressableAssetsData/AssetGroups/Default Local Group.asset using Guid(e4696a99ba6480c40a312c8eb7ef1256) Importer(2089858483,3d70f49cd1c2eb9ae422958d1c652c6b) Generated GUIDs only implemented for interfaces!
 -> (artifact id: 'c3197de70a0077ecb2e432c29b30028d') in 0.213483 seconds
Number of updated asset objects reloaded before import = 0
Number of asset objects unloaded after import = 0
========================================================================
Received Import Request.
  Time since last request: 0.108749 seconds.
  path: Assets/TileMaps/Palette/Maps_10.asset
  artifactKey: Guid(57b6e98556db6e54ea821e4f01e502b6) Importer(2089858483,0ecaa5967403d082aa24f35e1b516d23)
Start importing Assets/TileMaps/Palette/Maps_10.asset using Guid(57b6e98556db6e54ea821e4f01e502b6) Importer(2089858483,0ecaa5967403d082aa24f35e1b516d23) Generated GUIDs only implemented for interfaces!
 -> (artifact id: 'd065fb56c886e9202d92214d1dbdb6ee') in 0.021014 seconds
Number of updated asset objects reloaded before import = 0
Number of asset objects unloaded after import = 3
Editor requested this worker to shutdown with reason: balancing worker count downwards
TcpMessagingSession - receive error: operation aborted. errorcode: 995, details: ќпераци€ ввода/вывода была прервана из-за завершени€ потока команд или по запросу приложени€.
AssetImportWorker is now disconnected from the server
Process exiting
Exiting without the bug reporter. Application will terminate with return code 0